<?xml version="1.0" encoding="UTF-8"?>
<!-- Generated by org.testng.reporters.JUnitXMLReporter -->
<testsuite ignored="0" hostname="Mrkd-family" failures="1" tests="1" name="Test" time="28.176" errors="0" timestamp="2023-01-07T01:31:06 IST">
  <testcase classname="ToTestFunctionality.LoginLogout" name="@AfterClass afterclass" time="0.001">
    <failure type="java.lang.NullPointerException" message="Cannot invoke &amp;quot;org.openqa.selenium.WebDriver.quit()&amp;quot; because &amp;quot;this.driver&amp;quot; is null">
      <![CDATA[java.lang.NullPointerException: Cannot invoke "org.openqa.selenium.WebDriver.quit()" because "this.driver" is null
at ToTestFunctionality.LoginLogout.afterclass(LoginLogout.java:51)
at java.base/java.util.ArrayList.forEach(ArrayList.java:1511)
... Removed 25 stack frames]]>
    </failure>
  </testcase> <!-- @AfterClass afterclass -->
  <testcase classname="ToTestFunctionality.LoginLogout" name="f" time="0.018">
    <failure type="java.lang.IllegalArgumentException" message="Driver must be set">
      <![CDATA[java.lang.IllegalArgumentException: Driver must be set
at org.openqa.selenium.internal.Require.nonNull(Require.java:59)
at org.openqa.selenium.interactions.Actions.<init>(Actions.java:60)
at classpackage.UtiliseMethods.movetoElement(UtiliseMethods.java:31)
at classpackage.LoginpomClass.moveTologin1(LoginpomClass.java:39)
at ToTestFunctionality.LoginLogout.f(LoginLogout.java:30)
at java.base/java.util.ArrayList.forEach(ArrayList.java:1511)
... Removed 27 stack frames]]>
    </failure>
  </testcase> <!-- f -->
</testsuite> <!-- Test -->
